cd os && cargo run
Using existing fs.img (1GB Ext4 filesystem)
Starting QEMU in normal run mode.

OpenSBI v1.5.1
   ____                    _____ ____ _____
  / __ \                  / ____|  _ \_   _|
 | |  | |_ __   ___ _ __ | (___ | |_) || |
 | |  | | '_ \ / _ \ '_ \ \___ \|  _ < | |
 | |__| | |_) |  __/ | | |____) | |_) || |_
  \____/| .__/ \___|_| |_|_____/|____/_____|
        | |
        |_|

Platform Name             : riscv-virtio,qemu
Platform Features         : medeleg
Platform HART Count       : 2
Platform IPI Device       : aclint-mswi
Platform Timer Device     : aclint-mtimer @ 10000000Hz
Platform Console Device   : uart8250
Platform HSM Device       : ---
Platform PMU Device       : ---
Platform Reboot Device    : syscon-reboot
Platform Shutdown Device  : syscon-poweroff
Platform Suspend Device   : ---
Platform CPPC Device      : ---
Firmware Base             : 0x80000000
Firmware Size             : 337 KB
Firmware RW Offset        : 0x40000
Firmware RW Size          : 81 KB
Firmware Heap Offset      : 0x4b000
Firmware Heap Size        : 37 KB (total), 2 KB (reserved), 11 KB (used), 23 KB (free)
Firmware Scratch Size     : 4096 B (total), 416 B (used), 3680 B (free)
Runtime SBI Version       : 2.0

Domain0 Name              : root
Domain0 Boot HART         : 0
Domain0 HARTs             : 0*,1*
Domain0 Region00          : 0x0000000000100000-0x0000000000100fff M: (I,R,W) S/U: (R,W)
Domain0 Region01          : 0x0000000010000000-0x0000000010000fff M: (I,R,W) S/U: (R,W)
Domain0 Region02          : 0x0000000002000000-0x000000000200ffff M: (I,R,W) S/U: ()
Domain0 Region03          : 0x0000000080040000-0x000000008005ffff M: (R,W) S/U: ()
Domain0 Region04          : 0x0000000080000000-0x000000008003ffff M: (R,X) S/U: ()
Domain0 Region05          : 0x000000000c400000-0x000000000c5fffff M: (I,R,W) S/U: (R,W)
Domain0 Region06          : 0x000000000c000000-0x000000000c3fffff M: (I,R,W) S/U: (R,W)
Domain0 Region07          : 0x0000000000000000-0xffffffffffffffff M: () S/U: (R,W,X)
Domain0 Next Address      : 0x0000000080200000
Domain0 Next Arg1         : 0x0000000087e00000
Domain0 Next Mode         : S-mode
Domain0 SysReset          : yes
Domain0 SysSuspend        : yes

Boot HART ID              : 0
Boot HART Domain          : root
Boot HART Priv Version    : v1.12
Boot HART Base ISA        : rv64imafdch
Boot HART ISA Extensions  : sstc,zicntr,zihpm,zicboz,zicbom,sdtrig,svadu
Boot HART PMP Count       : 16
Boot HART PMP Granularity : 2 bits
Boot HART PMP Address Bits: 54
Boot HART MHPM Info       : 16 (0x0007fff8)
Boot HART Debug Triggers  : 2 triggers
Boot HART MIDELEG         : 0x0000000000001666
Boot HART MEDELEG         : 0x0000000000f0b509
[36m[early_test] No early tests to run.[0m
[Boot] Hello, world!
[Boot] RISC-V Hart 0 is up!
Initializing heap: start=0xffffffc0803ea000, end=0xffffffc0823ea000, size=0x2000000 (32 MB)
Heap allocator initialized successfully
[MM] Created kernel space, root PPN: 0x823ea
[Boot] Initialized CPUS, tp = 0xffffffc0803eabc0
[Boot] Activated kernel address space
[37m[INFO] [      965889] [CPU0/T  0] [Device] devicetree of riscv-virtio,qemu is initialized[0m
[37m[INFO] [      987470] [CPU0/T  0] [Device] now has 2 CPU(s)[0m
[37m[INFO] [      989110] [CPU0/T  0] [Device] CLOCK_FREQ set to 10000000 Hz[0m
[37m[INFO] [      994244] [CPU0/T  0] [Device] Memory Region: Start = 0x80000000, Size = 0x8000000[0m
[37m[INFO] [     1003080] [CPU0/T  0] [Device] Found device: interrupt-controller[0m
[37m[INFO] [     1006889] [CPU0/T  0] [Device] Found device: interrupt-controller[0m
[37m[INFO] [     1009289] [CPU0/T  0] [Device] Found device: plic@c000000[0m
[37m[INFO] [     1058118] [CPU0/T  0] [Device] PLIC initialized from device tree node plic@c000000[0m
[37m[INFO] [     1062236] [CPU0/T  0] [Device] Found device: /[0m
[37m[INFO] [     1065710] [CPU0/T  0] [Device] Found device: poweroff[0m
[37m[INFO] [     1067840] [CPU0/T  0] [Device] Found device: reboot[0m
[37m[INFO] [     1070136] [CPU0/T  0] [Device] Found device: platform-bus@4000000[0m
[37m[INFO] [     1072714] [CPU0/T  0] [Device] Found device: cpu@0[0m
[37m[INFO] [     1074859] [CPU0/T  0] [Device] Found device: cpu@1[0m
[37m[INFO] [     1079132] [CPU0/T  0] [Device] Found device: pmu[0m
[37m[INFO] [     1081333] [CPU0/T  0] [Device] Found device: fw-cfg@10100000[0m
[37m[INFO] [     1083334] [CPU0/T  0] [Device] Found device: flash@20000000[0m
[37m[INFO] [     1085205] [CPU0/T  0] [Device] Found device: soc[0m
[37m[INFO] [     1088495] [CPU0/T  0] [Device] Found device: rtc@101000[0m
[37m[INFO] [     1099843] [CPU0/T  0] [Device] RTC Goldfish initialized[0m
[37m[INFO] [     1113030] [CPU0/T  0] [Device] Found device: serial@10000000[0m
[37m[INFO] [     1133173] [CPU0/T  0] [Device] Serial driver (uart16550) is initialized[0m
[37m[INFO] [     1142182] [CPU0/T  0] [Device] Found device: test@100000[0m
[37m[INFO] [     1147405] [CPU0/T  0] [Device] Found device: virtio_mmio@10008000[0m
[37m[INFO] [     1158750] [CPU0/T  0] [Device] Initializing network driver (virtio-net)[0m
[37m[INFO] [     1162372] [CPU0/T  0] [Device] Find VirtioNetDevice with ID: 0[0m
[33m[WARNING] [     1200242] [CPU0/T  0] [Device] Failed to initialize VirtioNetDevice: DeviceNotReady[0m
[37m[INFO] [     1204110] [CPU0/T  0] [Device] Found device: virtio_mmio@10007000[0m
[33m[WARNING] [     1212113] [CPU0/T  0] Error creating VirtIO MMIO transport: Invalid or unknown device ID: Invalid or unknown virtio device type 0[0m
[37m[INFO] [     1216749] [CPU0/T  0] [Device] Found device: virtio_mmio@10006000[0m
[33m[WARNING] [     1227447] [CPU0/T  0] Error creating VirtIO MMIO transport: Invalid or unknown device ID: Invalid or unknown virtio device type 0[0m
[37m[INFO] [     1231311] [CPU0/T  0] [Device] Found device: virtio_mmio@10005000[0m
[33m[WARNING] [     1250111] [CPU0/T  0] Error creating VirtIO MMIO transport: Invalid or unknown device ID: Invalid or unknown virtio device type 0[0m
[37m[INFO] [     1253790] [CPU0/T  0] [Device] Found device: virtio_mmio@10004000[0m
[33m[WARNING] [     1261813] [CPU0/T  0] Error creating VirtIO MMIO transport: Invalid or unknown device ID: Invalid or unknown virtio device type 0[0m
[37m[INFO] [     1266702] [CPU0/T  0] [Device] Found device: virtio_mmio@10003000[0m
[33m[WARNING] [     1270857] [CPU0/T  0] Error creating VirtIO MMIO transport: Invalid or unknown device ID: Invalid or unknown virtio device type 0[0m
[37m[INFO] [     1277875] [CPU0/T  0] [Device] Found device: virtio_mmio@10002000[0m
[33m[WARNING] [     1288268] [CPU0/T  0] Error creating VirtIO MMIO transport: Invalid or unknown device ID: Invalid or unknown virtio device type 0[0m
[37m[INFO] [     1293980] [CPU0/T  0] [Device] Found device: virtio_mmio@10001000[0m
[37m[INFO] [     1323560] [CPU0/T  0] [Device] Block driver (virtio-blk) is initialized[0m
[37m[INFO] [     1326921] [CPU0/T  0] [Device] Found device: clint@2000000[0m
[37m[INFO] [     1328923] [CPU0/T  0] [Device] Found device: pci@30000000[0m
[37m[INFO] [     1332471] [CPU0/T  0] [Console] Switched to runtime console[0m
[37m[INFO] [     1335861] [CPU0/T  0] Initializing REALTIME clock...[0m
[37m[INFO] [     1339400] [CPU0/T  0] REALTIME clock initialized to TimeSpec { tv_sec: 1767451960, tv_nsec: 866115900 } seconds since epoch.[0m
[37m[INFO] [     1352351] [CPU0/T  0] [SMP] Booting up to 1 secondary CPUs...[0m
[37m[INFO] [     1353839] [CPU0/T  0] [SMP] Starting hart 1 at vaddr=0xffffffc080200058, paddr=0x80200058[0m
[37m[INFO] [     1358729] [CPU0/T  0] [SMP] Hart 1 SBI call accepted[0m
[37m[INFO] [     1370149] [CPU0/T  0] [SMP] All 2 CPUs are online![0m
[37m[INFO] [     1369827] [CPU1/T  0] [SMP] CPU 1 is online[0m
[37m[INFO] [     1399581] [CPU1/T  0] [SMP] Created idle task 3 for CPU 1[0m
[37m[INFO] [     1401685] [CPU1/T  0] [SMP] CPU 1 set sscratch to 0xffffffc082436000[0m
[37m[INFO] [     1404385] [CPU1/T  3] [SMP] CPU 1 set idle task as current_task[0m
[37m[INFO] [     1406595] [CPU1/T  3] [SMP] CPU 1 interrupt status: sstatus=0x8000000200006002, sie=0x22, sip=0x0[0m
[37m[INFO] [     1406844] [CPU0/T  0] [SMP] Created idle task 2 for CPU 0[0m
[37m[INFO] [     1408426] [CPU1/T  3] [SMP] CPU 1 SIE bit: 1, SSIE bit: 1, SSIP bit: 0[0m
[37m[INFO] [     1411163] [CPU1/T  3] [SMP] CPU 1 entering idle loop[0m
[37m[INFO] [     1434064] [CPU0/T  1] [Scheduler] Task 4 added to run queue, new size: 1[0m
[37m[INFO] [     1437322] [CPU0/T  1] [Ext4] Initializing Ext4 filesystem from block device[0m
[37m[INFO] [     1440257] [CPU0/T  1] [Ext4] Using block device: virtio_block[0m
[37m[INFO] [     1443241] [CPU0/T  1] [Ext4] Ext4 block size: 4096, Total blocks: 262144, Image size: 1024 MB[0m
[37m[INFO] [     1445106] [CPU0/T  1] [Ext4] Opening Ext4 filesystem on block device[0m
[37m[INFO] [     1446464] [CPU0/T  1] [Ext4] Device block size: 4096, total blocks: 262144[0m
[37m[INFO] [     1447768] [CPU0/T  1] [Ext4Adapter] Created adapter: ext4_block_size=4096, sector_size=512[0m
[37m[INFO] [     1449596] [CPU0/T  1] [Ext4] Calling ext4_rs::Ext4::open...[0m
[37m[INFO] [     1484087] [CPU0/T  1] [Scheduler] CPU 0 next_task called, queue size: 1[0m
[37m[INFO] [     1493067] [CPU0/T  4] [SMP] Task 5 assigned to CPU 0[0m
[37m[INFO] [     1495025] [CPU0/T  4] [Scheduler] Task 5 added to run queue, new size: 2[0m
[37m[INFO] [     1502237] [CPU0/T  4] [Scheduler] CPU 0 next_task called, queue size: 2[0m
[37m[INFO] [     1505935] [CPU0/T  1] [Scheduler] CPU 0 next_task called, queue size: 1[0m
[37m[INFO] [     1516063] [CPU0/T  5] [Scheduler] CPU 0 next_task called, queue size: 1[0m
[37m[INFO] [     1712574] [CPU0/T  1] [Ext4] ext4_rs returned successfully[0m
[37m[INFO] [     1715116] [CPU0/T  1] [Ext4] Filesystem opened successfully[0m
[37m[INFO] [     1716362] [CPU0/T  1] [Ext4] Mounting Ext4 as root filesystem[0m
[37m[INFO] [     1734112] [CPU0/T  1] [Ext4] Root filesystem mounted at /[0m
[37m[INFO] [     1737640] [CPU0/T  1] [Ext4] Root directory contents:[0m
[37m[INFO] [     1783601] [CPU0/T  1]   - . (type: Directory)[0m
[37m[INFO] [     1784954] [CPU0/T  1]   - .. (type: Directory)[0m
[37m[INFO] [     1785714] [CPU0/T  1]   - lost+found (type: Directory)[0m
[37m[INFO] [     1787370] [CPU0/T  1]   - bin (type: Directory)[0m
[37m[INFO] [     1788311] [CPU0/T  1]   - dev (type: Directory)[0m
[37m[INFO] [     1789218] [CPU0/T  1]   - etc (type: Directory)[0m
[37m[INFO] [     1790272] [CPU0/T  1]   - home (type: Directory)[0m
[37m[INFO] [     1791470] [CPU0/T  1]   - linuxrc (type: File)[0m
[37m[INFO] [     1792412] [CPU0/T  1]   - proc (type: Directory)[0m
[37m[INFO] [     1793508] [CPU0/T  1]   - sbin (type: Directory)[0m
[37m[INFO] [     1794898] [CPU0/T  1]   - sys (type: Directory)[0m
[37m[INFO] [     1795707] [CPU0/T  1]   - usr (type: Directory)[0m
[37m[INFO] [     1798783] [CPU0/T  1] [Tmpfs] Creating tmpfs filesystem (max_size: unlimited MB)[0m
[37m[INFO] [     1814741] [CPU0/T  1] [Tmpfs] Tmpfs mounted at /dev[0m
[37m[INFO] [     1885492] [CPU0/T  1] [Init] /dev mounted and device nodes created (console, ttyS0, null, etc.)[0m
[37m[INFO] [     1888431] [CPU0/T  1] [kernel_execve] Loading: /sbin/init[0m
[37m[INFO] [    12391844] [CPU0/T  1] [kernel_execve] Loaded 9616272 bytes[0m
[37m[INFO] [    12406137] [CPU1/T  3] [IPI] CPU 1 handling IPI: 0x2[0m
[37m[INFO] [    12408450] [CPU1/T  3] [IPI] CPU 1 handling IPI: 0x2[0m
[37m[INFO] [    12411555] [CPU1/T  3] [IPI] CPU 1 handling IPI: 0x2[0m
[37m[INFO] [    12615275] [CPU1/T  3] [IPI] CPU 1 handling IPI: 0x2[0m
[37m[INFO] [    13134822] [CPU1/T  3] [IPI] CPU 1 handling IPI: 0x2[0m
[37m[INFO] [    13171541] [CPU1/T  3] [IPI] CPU 1 handling IPI: 0x2[0m
[37m[INFO] [    13174446] [CPU1/T  3] [IPI] CPU 1 handling IPI: 0x2[0m
[37m[INFO] [    13177429] [CPU1/T  3] [IPI] CPU 1 handling IPI: 0x2[0m
[37m[INFO] [    13179125] [CPU1/T  3] [IPI] CPU 1 handling IPI: 0x2[0m
[37m[INFO] [    13181088] [CPU1/T  3] [IPI] CPU 1 handling IPI: 0x2[0m
[37m[INFO] [    13232732] [CPU1/T  3] [IPI] CPU 1 handling IPI: 0x2[0m
[37m[INFO] [    13242070] [CPU1/T  3] [IPI] CPU 1 handling IPI: 0x2[0m
[37m[INFO] [    13328802] [CPU1/T  3] [IPI] CPU 1 handling IPI: 0x2[0m
[37m[INFO] [    13330173] [CPU0/T  1] [kernel_execve] Created memory space, entry=0x10170[0m
[37m[INFO] [    13346342] [CPU0/T  1] [kernel_execve] Switching to user mode[0m
[1;31m[ALERT] [    13359295] [CPU0/T  1] reboot: unsupported reboot operation code 0
[0m
ioctl: VT_OPENQRY not supported (no VT subsystem)
[37m[INFO] [    13440636] [CPU1/T  3] [IPI] CPU 1 handling IPI: 0x2[0m
TCGETS: returning termios: iflag=0x100, oflag=0x5, cflag=0xb0, lflag=0x1b, ispeed=0xf, ospeed=0xf
TCSETS: received termios: iflag=0x1500, oflag=0x5, cflag=0xcb0, lflag=0x8a3b, ispeed=0xf, ospeed=0xf
[37m[INFO] [    13632112] [CPU0/T  1] [sys_read] fd=3 ty=OTHER ret=926 count=1024[0m
[37m[INFO] [    13671438] [CPU0/T  1] [sys_read] fd=3 ty=OTHER ret=0 count=1024[0m
[37m[INFO] [    13687190] [CPU1/T  3] [IPI] CPU 1 handling IPI: 0x2[0m
[37m[INFO] [    13689444] [CPU1/T  3] [IPI] CPU 1 handling IPI: 0x2[0m
[37m[INFO] [    13691177] [CPU1/T  3] [IPI] CPU 1 handling IPI: 0x2[0m
[37m[INFO] [    13694820] [CPU1/T  3] [IPI] CPU 1 handling IPI: 0x2[0m
[37m[INFO] [    13907954] [CPU1/T  3] [IPI] CPU 1 handling IPI: 0x2[0m
[37m[INFO] [    14460980] [CPU1/T  3] [IPI] CPU 1 handling IPI: 0x2[0m
[37m[INFO] [    14492539] [CPU1/T  3] [IPI] CPU 1 handling IPI: 0x2[0m
[37m[INFO] [    14495452] [CPU1/T  3] [IPI] CPU 1 handling IPI: 0x2[0m
[37m[INFO] [    14498525] [CPU1/T  3] [IPI] CPU 1 handling IPI: 0x2[0m
[37m[INFO] [    14530837] [CPU1/T  3] [IPI] CPU 1 handling IPI: 0x2[0m
[37m[INFO] [    14533398] [CPU1/T  3] [IPI] CPU 1 handling IPI: 0x2[0m
[37m[INFO] [    14628059] [CPU1/T  3] [IPI] CPU 1 handling IPI: 0x2[0m
[37m[INFO] [    14636262] [CPU0/T  1] [SMP] Task 6 (child) assigned to CPU 1[0m
[37m[INFO] [    14639439] [CPU0/T  1] [SMP] Adding task 6 to CPU 1 scheduler[0m
[37m[INFO] [    14641584] [CPU0/T  1] [Scheduler] Task 6 added to run queue, new size: 1[0m
[37m[INFO] [    14644123] [CPU0/T  1] [SMP] Sending IPI from CPU 0 to CPU 1[0m
[37m[INFO] [    14646479] [CPU1/T  3] [IPI] CPU 1 handling IPI: 0x1[0m
[37m[INFO] [    14648557] [CPU1/T  3] [IPI] CPU 1 received Reschedule IPI[0m
[37m[INFO] [    14649624] [CPU1/T  3] [Scheduler] CPU 1 next_task called, queue size: 1[0m
TCGETS: returning termios: iflag=0x1500, oflag=0x5, cflag=0xcb0, lflag=0x8a3b, ispeed=0xf, ospeed=0xf
TCSE[37m[INFO] [ T   14S: received termio6s: iflag=0x1500,58939] [CPU0/T  o fl1] ag[S=0x5, cflag=0xcb0, lfchlag=0x8a3b, ispeed=0xf, ospeeeduler] CPU 0 nexd=0xf
t_task called, queue size: 0[0m
[37m[INFO] [    25887782] [CPU0/T  2] [IPI] CPU 0 handling IPI: 0x2[0m
[37m[INFO] [    25889527] [CPU0/T  2] [IPI] CPU 0 handling IPI: 0x2[0m
[37m[INFO] [    25891278] [CPU0/T  2] [IPI] CPU 0 handling IPI: 0x2[0m
[37m[INFO] [    25894298] [CPU0/T  2] [IPI] CPU 0 handling IPI: 0x2[0m
[37m[INFO] [    26058429] [CPU0/T  2] [IPI] CPU 0 handling IPI: 0x2[0m
[37m[INFO] [    26536726] [CPU0/T  2] [IPI] CPU 0 handling IPI: 0x2[0m
[37m[INFO] [    26571317] [CPU0/T  2] [IPI] CPU 0 handling IPI: 0x2[0m
[37m[INFO] [    26572667] [CPU0/T  2] [IPI] CPU 0 handling IPI: 0x2[0m
[37m[INFO] [    26575807] [CPU0/T  2] [IPI] CPU 0 handling IPI: 0x2[0m
[37m[INFO] [    26577934] [CPU0/T  2] [IPI] CPU 0 handling IPI: 0x2[0m
[37m[INFO] [    26601900] [CPU0/T  2] [IPI] CPU 0 handling IPI: 0x2[0m
[37m[INFO] [    26604956] [CPU0/T  2] [IPI] CPU 0 handling IPI: 0x2[0m
[37m[INFO] [    26691345] [CPU0/T  2] [IPI] CPU 0 handling IPI: 0x2[0m
[execve] Dropping 9616272 byte ELF buffer before switching to user space
[37m[INFO] [    27733351] [CPU1/T  6] [Scheduler] CPU 1 next_task called, queue size: 1[0m
[37m[INFO] [    27834201] [CPU1/T  3] [Scheduler] CPU 1 next_task called, queue size: 1[0m
[37m[INFO] [    27845840] [CPU0/T  2] [IPI] CPU 0 handling IPI: 0x2[0m
[37m[INFO] [    27853320] [CPU0/T  2] [IPI] CPU 0 handling IPI: 0x2[0m
fcntl_dupfd: old_fd=3 -> new_fd=10, min_fd=10, cloexec=true
[37m[INFO] [    27941875] [CPU1/T  6] [sys_read] fd=10 ty=OTHER ret=1023 count=1023[0m
[37m[INFO] [    27947942] [CPU1/T  6] [Scheduler] CPU 1 next_task called, queue size: 1[0m
[37m[INFO] [    27955061] [CPU1/T  3] [Scheduler] CPU 1 next_task called, queue size: 1[0m
--- Starting Minimal BusyBox System ---
[37m[INFO] [    28017997] [CPU0/T  2] [IPI] CPU 0 handling IPI: 0x2[0m
[37m[INFO] [    28019963] [CPU0/T  2] [IPI] CPU 0 handling IPI: 0x2[0m
[37m[INFO] [    28021728] [CPU0/T  2] [IPI] CPU 0 handling IPI: 0x2[0m
[37m[INFO] [    28025316] [CPU0/T  2] [IPI] CPU 0 handling IPI: 0x2[0m
[37m[INFO] [    28205586] [CPU0/T  2] [IPI] CPU 0 handling IPI: 0x2[0m
[37m[INFO] [    28702323] [CPU0/T  2] [IPI] CPU 0 handling IPI: 0x2[0m
[37m[INFO] [    28739943] [CPU0/T  2] [IPI] CPU 0 handling IPI: 0x2[0m
[37m[INFO] [    28743013] [CPU0/T  2] [IPI] CPU 0 handling IPI: 0x2[0m
[37m[INFO] [    28744722] [CPU0/T  2] [IPI] CPU 0 handling IPI: 0x2[0m
[37m[INFO] [    28746947] [CPU0/T  2] [IPI] CPU 0 handling IPI: 0x2[0m
[37m[INFO] [    28749780] [CPU0/T  2] [IPI] CPU 0 handling IPI: 0x2[0m
[37m[INFO] [    28771945] [CPU0/T  2] [IPI] CPU 0 handling IPI: 0x2[0m
[37m[INFO] [    28891709] [CPU0/T  2] [IPI] CPU 0 handling IPI: 0x2[0m
[37m[INFO] [    28893420] [CPU1/T  6] [SMP] Task 7 (child) assigned to CPU 0[0m
[37m[INFO] [    28895946] [CPU1/T  6] [SMP] Adding task 7 to CPU 0 scheduler[0m
[37m[INFO] [    28897880] [CPU1/T  6] [Scheduler] Task 7 added to run queue, new size: 1[0m
[37m[INFO] [    28899262] [CPU1/T  6] [SMP] Sending IPI from CPU 1 to CPU 0[0m
[37m[INFO] [    28901684] [CPU1/T  6] [Scheduler] CPU 1 next_task called, queue size: 1[0m
[37m[INFO] [    28901731] [CPU0/T  2] [IPI] CPU 0 handling IPI: 0x1[0m
[37m[INFO] [    28904449] [CPU0/T  2] [IPI] CPU 0 received Reschedule IPI[0m
[37m[INFO] [    28905368] [CPU0/T  2] [Scheduler] CPU 0 next_task called, queue size: 1[0m
[37m[INFO] [    29003202] [CPU1/T  3] [Scheduler] CPU 1 next_task called, queue size: 1[0m
[37m[INFO] [    29011526] [CPU1/T  6] [Scheduler] CPU 1 next_task called, queue size: 1[0m
[37m[INFO] [    40117931] [CPU1/T  3] [IPI] CPU 1 handling IPI: 0x2[0m
[37m[INFO] [    40119370] [CPU1/T  3] [IPI] CPU 1 handling IPI: 0x2[0m
[37m[INFO] [    40120390] [CPU1/T  3] [IPI] CPU 1 handling IPI: 0x2[0m
[37m[INFO] [    40123600] [CPU1/T  3] [IPI] CPU 1 handling IPI: 0x2[0m
[37m[INFO] [    40303525] [CPU1/T  3] [IPI] CPU 1 handling IPI: 0x2[0m
[37m[INFO] [    40774951] [CPU1/T  3] [IPI] CPU 1 handling IPI: 0x2[0m
[37m[INFO] [    40807273] [CPU1/T  3] [IPI] CPU 1 handling IPI: 0x2[0m
[37m[INFO] [    40809276] [CPU1/T  3] [IPI] CPU 1 handling IPI: 0x2[0m
[37m[INFO] [    40812045] [CPU1/T  3] [IPI] CPU 1 handling IPI: 0x2[0m
[37m[INFO] [    40830303] [CPU1/T  3] [IPI] CPU 1 handling IPI: 0x2[0m
[37m[INFO] [    40834297] [CPU1/T  3] [IPI] CPU 1 handling IPI: 0x2[0m
[execve] Droppin[37m[INFO] [    40915672] [CPU1/T  g 963] [IPI] CPU 1 handling IPI:162 0x2[0m
72 byte ELF buffer before switching to user space
[37m[INFO] [    43485362] [CPU0/T  7] [Scheduler] CPU 0 next_task called, queue size: 1[0m
[37m[INFO] [    43585999] [CPU0/T  2] [Scheduler] CPU 0 next_task called, queue size: 1[0m
[37m[INFO] [    43598817] [CPU1/T  3] [IPI] CPU 1 handling IPI: 0x2[0m
[37m[INFO] [    43641555] [CPU0/T  7] [SYSCALL] mount: source='none', target='/proc', type='proc'[0m
[37m[INFO] [    43643440] [CPU0/T  7] [ProcFS] Initializing procfs[0m
[37m[INFO] [    43658179] [CPU0/T  7] [ProcFS] Procfs mounted at /proc[0m
[37m[INFO] [    43676629] [CPU0/T  7] [Scheduler] Waking up task 6 on CPU 1[0m
[37m[INFO] [    43680411] [CPU0/T  7] [Scheduler] Sending IPI from CPU 0 to CPU 1 for task 6[0m
[37m[INFO] [    43684698] [CPU1/T  3] [IPI] CPU 1 handling IPI: 0x1[0m
[37m[INFO] [    43685826] [CPU0/T  7] [Scheduler] Waking up task 6 on CPU 0[0m
[37m[INFO] [    43685899] [CPU1/T  3] [IPI] CPU 1 received Reschedule IPI[0m
[37m[INFO] [    43691099] [CPU1/T  3] [Scheduler] CPU 1 next_task called, queue size: 1[0m
[37m[INFO] [    43690948] [CPU0/T  7] [Scheduler] CPU 0 next_task called, queue size: 2[0m
[37m[I[wait4] RemoNved FO] [    43693from parent9.6chi2] [ldrCPen:U 0/T  20] [Sch ->edu ler] 0
CPU 0 next_task called, queue size: 1[0m


====

============ KERNEL PANIC ================
Unexpected exception in S-Mode (Kernel)!
----------------------------------------------
  Exception: 13 (Raw scause: 0xd)
  Faulting VA (stval): 0xffffffffffffff78
  Faulting PC (sepc):  0xffffffc0802036a6
  sstatus:             0x8000000200006100
  sscratch:            0xffffffc0803ed578
==============================================
Panicked at src/arch/riscv/trap/trap_handler.rs:301 Kernel exception in S-Mode
