cd os && cargo run
Using existing fs.img (1GB Ext4 filesystem)
Starting QEMU in normal run mode.

OpenSBI v1.5.1
   ____                    _____ ____ _____
  / __ \                  / ____|  _ \_   _|
 | |  | |_ __   ___ _ __ | (___ | |_) || |
 | |  | | '_ \ / _ \ '_ \ \___ \|  _ < | |
 | |__| | |_) |  __/ | | |____) | |_) || |_
  \____/| .__/ \___|_| |_|_____/|____/_____|
        | |
        |_|

Platform Name             : riscv-virtio,qemu
Platform Features         : medeleg
Platform HART Count       : 2
Platform IPI Device       : aclint-mswi
Platform Timer Device     : aclint-mtimer @ 10000000Hz
Platform Console Device   : uart8250
Platform HSM Device       : ---
Platform PMU Device       : ---
Platform Reboot Device    : syscon-reboot
Platform Shutdown Device  : syscon-poweroff
Platform Suspend Device   : ---
Platform CPPC Device      : ---
Firmware Base             : 0x80000000
Firmware Size             : 337 KB
Firmware RW Offset        : 0x40000
Firmware RW Size          : 81 KB
Firmware Heap Offset      : 0x4b000
Firmware Heap Size        : 37 KB (total), 2 KB (reserved), 11 KB (used), 23 KB (free)
Firmware Scratch Size     : 4096 B (total), 416 B (used), 3680 B (free)
Runtime SBI Version       : 2.0

Domain0 Name              : root
Domain0 Boot HART         : 0
Domain0 HARTs             : 0*,1*
Domain0 Region00          : 0x0000000000100000-0x0000000000100fff M: (I,R,W) S/U: (R,W)
Domain0 Region01          : 0x0000000010000000-0x0000000010000fff M: (I,R,W) S/U: (R,W)
Domain0 Region02          : 0x0000000002000000-0x000000000200ffff M: (I,R,W) S/U: ()
Domain0 Region03          : 0x0000000080040000-0x000000008005ffff M: (R,W) S/U: ()
Domain0 Region04          : 0x0000000080000000-0x000000008003ffff M: (R,X) S/U: ()
Domain0 Region05          : 0x000000000c400000-0x000000000c5fffff M: (I,R,W) S/U: (R,W)
Domain0 Region06          : 0x000000000c000000-0x000000000c3fffff M: (I,R,W) S/U: (R,W)
Domain0 Region07          : 0x0000000000000000-0xffffffffffffffff M: () S/U: (R,W,X)
Domain0 Next Address      : 0x0000000080200000
Domain0 Next Arg1         : 0x0000000087e00000
Domain0 Next Mode         : S-mode
Domain0 SysReset          : yes
Domain0 SysSuspend        : yes

Boot HART ID              : 0
Boot HART Domain          : root
Boot HART Priv Version    : v1.12
Boot HART Base ISA        : rv64imafdch
Boot HART ISA Extensions  : sstc,zicntr,zihpm,zicboz,zicbom,sdtrig,svadu
Boot HART PMP Count       : 16
Boot HART PMP Granularity : 2 bits
Boot HART PMP Address Bits: 54
Boot HART MHPM Info       : 16 (0x0007fff8)
Boot HART Debug Triggers  : 2 triggers
Boot HART MIDELEG         : 0x0000000000001666
Boot HART MEDELEG         : 0x0000000000f0b509
[36m[early_test] No early tests to run.[0m
[Boot] Hello, world!
[Boot] RISC-V Hart 0 is up!
Initializing heap: start=0xffffffc0803ea000, end=0xffffffc0823ea000, size=0x2000000 (32 MB)
Heap allocator initialized successfully
[MM] Created kernel space, root PPN: 0x823ea
[Boot] Initialized CPUS, tp = 0xffffffc0803eabc0
[Boot] Activated kernel address space
[37m[INFO] [      941267] [CPU0/T  0] [Device] devicetree of riscv-virtio,qemu is initialized[0m
[37m[INFO] [      960486] [CPU0/T  0] [Device] now has 2 CPU(s)[0m
[37m[INFO] [      961929] [CPU0/T  0] [Device] CLOCK_FREQ set to 10000000 Hz[0m
[37m[INFO] [      966844] [CPU0/T  0] [Device] Memory Region: Start = 0x80000000, Size = 0x8000000[0m
[37m[INFO] [      974556] [CPU0/T  0] [Device] Found device: interrupt-controller[0m
[37m[INFO] [      978041] [CPU0/T  0] [Device] Found device: interrupt-controller[0m
[37m[INFO] [      980123] [CPU0/T  0] [Device] Found device: plic@c000000[0m
[37m[INFO] [     1028137] [CPU0/T  0] [Device] PLIC initialized from device tree node plic@c000000[0m
[37m[INFO] [     1035372] [CPU0/T  0] [Device] Found device: /[0m
[37m[INFO] [     1037143] [CPU0/T  0] [Device] Found device: poweroff[0m
[37m[INFO] [     1040275] [CPU0/T  0] [Device] Found device: reboot[0m
[37m[INFO] [     1045170] [CPU0/T  0] [Device] Found device: platform-bus@4000000[0m
[37m[INFO] [     1046716] [CPU0/T  0] [Device] Found device: cpu@0[0m
[37m[INFO] [     1047962] [CPU0/T  0] [Device] Found device: cpu@1[0m
[37m[INFO] [     1050805] [CPU0/T  0] [Device] Found device: pmu[0m
[37m[INFO] [     1053502] [CPU0/T  0] [Device] Found device: fw-cfg@10100000[0m
[37m[INFO] [     1057257] [CPU0/T  0] [Device] Found device: flash@20000000[0m
[37m[INFO] [     1059685] [CPU0/T  0] [Device] Found device: soc[0m
[37m[INFO] [     1062295] [CPU0/T  0] [Device] Found device: rtc@101000[0m
[37m[INFO] [     1068328] [CPU0/T  0] [Device] RTC Goldfish initialized[0m
[37m[INFO] [     1070035] [CPU0/T  0] [Device] Found device: serial@10000000[0m
[37m[INFO] [     1078958] [CPU0/T  0] [Device] Serial driver (uart16550) is initialized[0m
[37m[INFO] [     1080933] [CPU0/T  0] [Device] Found device: test@100000[0m
[37m[INFO] [     1083693] [CPU0/T  0] [Device] Found device: virtio_mmio@10008000[0m
[37m[INFO] [     1092702] [CPU0/T  0] [Device] Initializing network driver (virtio-net)[0m
[37m[INFO] [     1096792] [CPU0/T  0] [Device] Find VirtioNetDevice with ID: 0[0m
[33m[WARNING] [     1129474] [CPU0/T  0] [Device] Failed to initialize VirtioNetDevice: DeviceNotReady[0m
[37m[INFO] [     1132079] [CPU0/T  0] [Device] Found device: virtio_mmio@10007000[0m
[33m[WARNING] [     1140414] [CPU0/T  0] Error creating VirtIO MMIO transport: Invalid or unknown device ID: Invalid or unknown virtio device type 0[0m
[37m[INFO] [     1145471] [CPU0/T  0] [Device] Found device: virtio_mmio@10006000[0m
[33m[WARNING] [     1153438] [CPU0/T  0] Error creating VirtIO MMIO transport: Invalid or unknown device ID: Invalid or unknown virtio device type 0[0m
[37m[INFO] [     1156984] [CPU0/T  0] [Device] Found device: virtio_mmio@10005000[0m
[33m[WARNING] [     1170802] [CPU0/T  0] Error creating VirtIO MMIO transport: Invalid or unknown device ID: Invalid or unknown virtio device type 0[0m
[37m[INFO] [     1173401] [CPU0/T  0] [Device] Found device: virtio_mmio@10004000[0m
[33m[WARNING] [     1177509] [CPU0/T  0] Error creating VirtIO MMIO transport: Invalid or unknown device ID: Invalid or unknown virtio device type 0[0m
[37m[INFO] [     1185203] [CPU0/T  0] [Device] Found device: virtio_mmio@10003000[0m
[33m[WARNING] [     1191051] [CPU0/T  0] Error creating VirtIO MMIO transport: Invalid or unknown device ID: Invalid or unknown virtio device type 0[0m
[37m[INFO] [     1200349] [CPU0/T  0] [Device] Found device: virtio_mmio@10002000[0m
[33m[WARNING] [     1204373] [CPU0/T  0] Error creating VirtIO MMIO transport: Invalid or unknown device ID: Invalid or unknown virtio device type 0[0m
[37m[INFO] [     1207878] [CPU0/T  0] [Device] Found device: virtio_mmio@10001000[0m
[37m[INFO] [     1221145] [CPU0/T  0] [Device] Block driver (virtio-blk) is initialized[0m
[37m[INFO] [     1224410] [CPU0/T  0] [Device] Found device: clint@2000000[0m
[37m[INFO] [     1226620] [CPU0/T  0] [Device] Found device: pci@30000000[0m
[37m[INFO] [     1231371] [CPU0/T  0] [Console] Switched to runtime console[0m
[37m[INFO] [     1238182] [CPU0/T  0] Initializing REALTIME clock...[0m
[37m[INFO] [     1241785] [CPU0/T  0] REALTIME clock initialized to TimeSpec { tv_sec: 1767456517, tv_nsec: 875865700 } seconds since epoch.[0m
[37m[INFO] [     1247048] [CPU0/T  0] [SMP] Booting up to 1 secondary CPUs...[0m
[37m[INFO] [     1249339] [CPU0/T  0] [SMP] Starting hart 1 at vaddr=0xffffffc080200058, paddr=0x80200058[0m
[37m[INFO] [     1257384] [CPU0/T  0] [SMP] Hart 1 SBI call accepted[0m
[37m[INFO] [     1265516] [CPU1/T  0] [SMP] CPU 1 is online[0m
[37m[INFO] [     1265879] [CPU0/T  0] [SMP] All 2 CPUs are online![0m
[37m[INFO] [     1286214] [CPU0/T  0] [SMP] Created idle task 3 for CPU 0[0m
[37m[INFO] [     1290130] [CPU1/T  0] [SMP] Created idle task 2 for CPU 1[0m
[37m[INFO] [     1291654] [CPU1/T  0] [SMP] CPU 1 set sscratch to 0xffffffc082435000[0m
[37m[INFO] [     1294208] [CPU1/T  2] [SMP] CPU 1 set idle task as current_task[0m
[37m[INFO] [     1296574] [CPU1/T  2] [SMP] CPU 1 switched to global kernel space, root PPN: 0x823ea[0m
[37m[INFO] [     1298579] [CPU1/T  2] [SMP] CPU 1 interrupt status: sstatus=0x8000000200006002, sie=0x22, sip=0x0[0m
[37m[INFO] [     1300266] [CPU1/T  2] [SMP] CPU 1 SIE bit: 1, SSIE bit: 1, SSIP bit: 0[0m
[37m[INFO] [     1301504] [CPU1/T  2] [SMP] CPU 1 entering idle loop[0m
[37m[INFO] [     1307909] [CPU0/T  1] [Scheduler] Task 4 added to run queue, new size: 1[0m
[37m[INFO] [     1310328] [CPU0/T  1] [Ext4] Initializing Ext4 filesystem from block device[0m
[37m[INFO] [     1312930] [CPU0/T  1] [Ext4] Using block device: virtio_block[0m
[37m[INFO] [     1315563] [CPU0/T  1] [Ext4] Ext4 block size: 4096, Total blocks: 262144, Image size: 1024 MB[0m
[37m[INFO] [     1317071] [CPU0/T  1] [Ext4] Opening Ext4 filesystem on block device[0m
[37m[INFO] [     1318248] [CPU0/T  1] [Ext4] Device block size: 4096, total blocks: 262144[0m
[37m[INFO] [     1319506] [CPU0/T  1] [Ext4Adapter] Created adapter: ext4_block_size=4096, sector_size=512[0m
[37m[INFO] [     1321032] [CPU0/T  1] [Ext4] Calling ext4_rs::Ext4::open...[0m
[37m[INFO] [     1374971] [CPU0/T  1] [Scheduler] CPU 0 next_task called, queue size: 1[0m
[37m[INFO] [     1387810] [CPU0/T  4] [SMP] Task 5 assigned to CPU 0[0m
[37m[INFO] [     1389280] [CPU0/T  4] [Scheduler] Task 5 added to run queue, new size: 2[0m
[37m[INFO] [     1394334] [CPU0/T  4] [Scheduler] CPU 0 next_task called, queue size: 2[0m
[37m[INFO] [     1398439] [CPU0/T  1] [Scheduler] CPU 0 next_task called, queue size: 1[0m
[37m[INFO] [     1401789] [CPU0/T  5] [Scheduler] CPU 0 next_task called, queue size: 1[0m
[37m[INFO] [     1540164] [CPU0/T  1] [Ext4] ext4_rs returned successfully[0m
[37m[INFO] [     1542370] [CPU0/T  1] [Ext4] Filesystem opened successfully[0m
[37m[INFO] [     1543561] [CPU0/T  1] [Ext4] Mounting Ext4 as root filesystem[0m
[37m[INFO] [     1561822] [CPU0/T  1] [Ext4] Root filesystem mounted at /[0m
[37m[INFO] [     1566008] [CPU0/T  1] [Ext4] Root directory contents:[0m
[37m[INFO] [     1614191] [CPU0/T  1]   - . (type: Directory)[0m
[37m[INFO] [     1615998] [CPU0/T  1]   - .. (type: Directory)[0m
[37m[INFO] [     1618155] [CPU0/T  1]   - lost+found (type: Directory)[0m
[37m[INFO] [     1620461] [CPU0/T  1]   - bin (type: Directory)[0m
[37m[INFO] [     1622151] [CPU0/T  1]   - dev (type: Directory)[0m
[37m[INFO] [     1624589] [CPU0/T  1]   - etc (type: Directory)[0m
[37m[INFO] [     1627536] [CPU0/T  1]   - home (type: Directory)[0m
[37m[INFO] [     1628497] [CPU0/T  1]   - linuxrc (type: File)[0m
[37m[INFO] [     1629434] [CPU0/T  1]   - proc (type: Directory)[0m
[37m[INFO] [     1630800] [CPU0/T  1]   - sbin (type: Directory)[0m
[37m[INFO] [     1631510] [CPU0/T  1]   - sys (type: Directory)[0m
[37m[INFO] [     1632296] [CPU0/T  1]   - usr (type: Directory)[0m
[37m[INFO] [     1634473] [CPU0/T  1] [Tmpfs] Creating tmpfs filesystem (max_size: unlimited MB)[0m
[37m[INFO] [     1654138] [CPU0/T  1] [Tmpfs] Tmpfs mounted at /dev[0m
[37m[INFO] [     1728376] [CPU0/T  1] [Init] /dev mounted and device nodes created (console, ttyS0, null, etc.)[0m
[37m[INFO] [     1733295] [CPU0/T  1] [kernel_execve] Loading: /sbin/init[0m
[37m[INFO] [    12033617] [CPU0/T  1] [kernel_execve] Loaded 9616272 bytes[0m
[37m[INFO] [    12050722] [CPU1/T  2] [IPI] CPU 1 handling IPI: 0x2[0m
[37m[INFO] [    12054613] [CPU1/T  2] [IPI] CPU 1 handling IPI: 0x2[0m
[37m[INFO] [    12056757] [CPU1/T  2] [IPI] CPU 1 handling IPI: 0x2[0m
[37m[INFO] [    12238734] [CPU1/T  2] [IPI] CPU 1 handling IPI: 0x2[0m
[37m[INFO] [    12767767] [CPU1/T  2] [IPI] CPU 1 handling IPI: 0x2[0m
[37m[INFO] [    12804455] [CPU1/T  2] [IPI] CPU 1 handling IPI: 0x2[0m
[37m[INFO] [    12806867] [CPU1/T  2] [IPI] CPU 1 handling IPI: 0x2[0m
[37m[INFO] [    12808656] [CPU1/T  2] [IPI] CPU 1 handling IPI: 0x2[0m
[37m[INFO] [    12810467] [CPU1/T  2] [IPI] CPU 1 handling IPI: 0x2[0m
[37m[INFO] [    12813535] [CPU1/T  2] [IPI] CPU 1 handling IPI: 0x2[0m
[37m[INFO] [    12853479] [CPU1/T  2] [IPI] CPU 1 handling IPI: 0x2[0m
[37m[INFO] [    12861477] [CPU1/T  2] [IPI] CPU 1 handling IPI: 0x2[0m
[37m[INFO] [    12942625] [CPU1/T  2] [IPI] CPU 1 handling IPI: 0x2[0m
[37m[INFO] [    12943937] [CPU0/T  1] [kernel_execve] Created memory space, entry=0x10170[0m
[37m[INFO] [    12957082] [CPU0/T  1] [kernel_execve] Switching to user mode[0m
[1;31m[ALERT] [    12969521] [CPU0/T  1] reboot: unsupported reboot operation code 0
[0m
ioctl: VT_OPENQRY not supported (no VT subsystem)
[37m[INFO] [    13040914] [CPU1/T  2] [IPI] CPU 1 handling IPI: 0x2[0m
TCGETS: returning termios: iflag=0x100, oflag=0x5, cflag=0xb0, lflag=0x1b, ispeed=0xf, ospeed=0xf
TCSETS: received termios: iflag=0x1500, oflag=0x5, cflag=0xcb0, lflag=0x8a3b, ispeed=0xf, ospeed=0xf
[37m[INFO] [    13217111] [CPU0/T  1] [sys_read] fd=3 ty=OTHER ret=926 count=1024[0m
[37m[INFO] [    13267630] [CPU0/T  1] [sys_read] fd=3 ty=OTHER ret=0 count=1024[0m
[37m[INFO] [    13284657] [CPU1/T  2] [IPI] CPU 1 handling IPI: 0x2[0m
[37m[INFO] [    13287300] [CPU1/T  2] [IPI] CPU 1 handling IPI: 0x2[0m
[37m[INFO] [    13289094] [CPU1/T  2] [IPI] CPU 1 handling IPI: 0x2[0m
[37m[INFO] [    13292572] [CPU1/T  2] [IPI] CPU 1 handling IPI: 0x2[0m
[37m[INFO] [    13499229] [CPU1/T  2] [IPI] CPU 1 handling IPI: 0x2[0m
[37m[INFO] [    14071730] [CPU1/T  2] [IPI] CPU 1 handling IPI: 0x2[0m
[37m[INFO] [    14108026] [CPU1/T  2] [IPI] CPU 1 handling IPI: 0x2[0m
[37m[INFO] [    14110880] [CPU1/T  2] [IPI] CPU 1 handling IPI: 0x2[0m
[37m[INFO] [    14112126] [CPU1/T  2] [IPI] CPU 1 handling IPI: 0x2[0m
[37m[INFO] [    14114687] [CPU1/T  2] [IPI] CPU 1 handling IPI: 0x2[0m
[37m[INFO] [    14116532] [CPU1/T  2] [IPI] CPU 1 handling IPI: 0x2[0m
[37m[INFO] [    14148151] [CPU1/T  2] [IPI] CPU 1 handling IPI: 0x2[0m
[37m[INFO] [    14150338] [CPU1/T  2] [IPI] CPU 1 handling IPI: 0x2[0m
[37m[INFO] [    14244282] [CPU1/T  2] [IPI] CPU 1 handling IPI: 0x2[0m
[37m[INFO] [    14251142] [CPU0/T  1] [SMP] Task 6 (child) assigned to CPU 1[0m
[37m[INFO] [    14252962] [CPU0/T  1] [SMP] Adding task 6 to CPU 1 scheduler[0m
[37m[INFO] [    14254210] [CPU0/T  1] [Scheduler] Task 6 added to run queue, new size: 1[0m
[37m[INFO] [    14255402] [CPU0/T  1] [SMP] Sending IPI from CPU 0 to CPU 1[0m
[37m[INFO] [    14257139] [CPU1/T  2] [IPI] CPU 1 handling IPI: 0x1[0m
[37m[INFO] [    14258773] [CPU1/T  2] [IPI] CPU 1 received Reschedule IPI[0m
[37m[INFO] [    14260002] [CPU1/T  2] [Scheduler] CPU 1 next_task called, queue size: 1[0m
[37m[INFO] [    14264612] [CPU0/T  1] [Scheduler] CPU 0 next_task called, queue size: 0[0m
TCGETS: returning termios: iflag=0x1500, oflag=0x5, cflag=0xcb0, lflag=0x8a3b, ispeed=0xf, ospeed=0xf
TCSETS: received termios: iflag=0x1500, oflag=0x5, cflag=0xcb0, lflag=0x8a3b, ispeed=0xf, ospeed=0xf
[37m[INFO] [    14287426] [CPU1/T  6] [Scheduler] CPU 1 next_task called, queue size: 1[0m
[37m[INFO] [    14388054] [CPU1/T  2] [Scheduler] CPU 1 next_task called, queue size: 1[0m
[37m[INFO] [    25203174] [CPU0/T  3] [IPI] CPU 0 handling IPI: 0x2[0m
[37m[INFO] [    25205860] [CPU0/T  3] [IPI] CPU 0 handling IPI: 0x2[0m
[37m[INFO] [    25207230] [CPU0/T  3] [IPI] CPU 0 handling IPI: 0x2[0m
[37m[INFO] [    25209993] [CPU0/T  3] [IPI] CPU 0 handling IPI: 0x2[0m
[37m[INFO] [    25414658] [CPU0/T  3] [IPI] CPU 0 handling IPI: 0x2[0m
[37m[INFO] [    25983982] [CPU0/T  3] [IPI] CPU 0 handling IPI: 0x2[0m
[37m[INFO] [    26031313] [CPU0/T  3] [IPI] CPU 0 handling IPI: 0x2[0m
[37m[INFO] [    26034233] [CPU0/T  3] [IPI] CPU 0 handling IPI: 0x2[0m
[37m[INFO] [    26036446] [CPU0/T  3] [IPI] CPU 0 handling IPI: 0x2[0m
[37m[INFO] [    26037924] [CPU0/T  3] [IPI] CPU 0 handling IPI: 0x2[0m
[37m[INFO] [    26062593] [CPU0/T  3] [IPI] CPU 0 handling IPI: 0x2[0m
[37m[INFO] [    26068960] [CPU0/T  3] [IPI] CPU 0 handling IPI: 0x2[0m
[37m[INFO] [    26163512] [CPU0/T  3] [IPI] CPU 0 handling IPI: 0x2[0m
[execve] Dropping 9616272 byte ELF buffer before switching to user space
[37m[INFO] [    27324546] [CPU1/T  6] [Scheduler] CPU 1 next_task called, queue size: 1[0m
[37m[INFO] [    27326278] [CPU1/T  2] [Scheduler] CPU 1 next_task called, queue size: 1[0m
[37m[INFO] [    27337971] [CPU0/T  3] [IPI] CPU 0 handling IPI: 0x2[0m
[37m[INFO] [    27343775] [CPU0/T  3] [IPI] CPU 0 handling IPI: 0x2[0m
fcntl_dupfd: old_fd=3 -> new_fd=10, min_fd=10, cloexec=true
[37m[INFO] [    27429768] [CPU1/T  6] [Scheduler] CPU 1 next_task called, queue size: 1[0m
[37m[INFO] [    27530873] [CPU1/T  2] [Scheduler] CPU 1 next_task called, queue size: 1[0m
[37m[INFO] [    27582978] [CPU1/T  6] [sys_read] fd=10 ty=OTHER ret=1023 count=1023[0m
--- Starting Minimal BusyBox System ---
[37m[INFO] [    27617473] [CPU0/T  3] [IPI] CPU 0 handling IPI: 0x2[0m
[37m[INFO] [    27619635] [CPU0/T  3] [IPI] CPU 0 handling IPI: 0x2[0m
[37m[INFO] [    27621047] [CPU0/T  3] [IPI] CPU 0 handling IPI: 0x2[0m
[37m[INFO] [    27625127] [CPU0/T  3] [IPI] CPU 0 handling IPI: 0x2[0m
[37m[INFO] [    27822154] [CPU0/T  3] [IPI] CPU 0 handling IPI: 0x2[0m
[37m[INFO] [    28369118] [CPU0/T  3] [IPI] CPU 0 handling IPI: 0x2[0m
[37m[INFO] [    28403524] [CPU0/T  3] [IPI] CPU 0 handling IPI: 0x2[0m
[37m[INFO] [    28406661] [CPU0/T  3] [IPI] CPU 0 handling IPI: 0x2[0m
[37m[INFO] [    28408777] [CPU0/T  3] [IPI] CPU 0 handling IPI: 0x2[0m
[37m[INFO] [    28410348] [CPU0/T  3] [IPI] CPU 0 handling IPI: 0x2[0m
[37m[INFO] [    28435102] [CPU0/T  3] [IPI] CPU 0 handling IPI: 0x2[0m
[37m[INFO] [    28439357] [CPU0/T  3] [IPI] CPU 0 handling IPI: 0x2[0m
[37m[INFO] [    28564301] [CPU0/T  3] [IPI] CPU 0 handling IPI: 0x2[0m
[37m[INFO] [    28566532] [CPU1/T  6] [SMP] Task 7 (child) assigned to CPU 0[0m
[37m[INFO] [    28567888] [CPU1/T  6] [SMP] Adding task 7 to CPU 0 scheduler[0m
[37m[INFO] [    28569572] [CPU1/T  6] [Scheduler] Task 7 added to run queue, new size: 1[0m
[37m[INFO] [    28571710] [CPU1/T  6] [SMP] Sending IPI from CPU 1 to CPU 0[0m
[37m[INFO] [    28573273] [CPU1/T  6] [Scheduler] CPU 1 next_task called, queue size: 1[0m
[37m[INFO] [    28573307] [CPU0/T  3] [IPI] CPU 0 handling IPI: 0x1[0m
[37m[INFO] [    28574716] [CPU1/T  2] [Scheduler] CPU 1 next_task called, queue size: 1[0m
[37m[INFO] [    28575557] [CPU0/T  3] [IPI] CPU 0 received Reschedule IPI[0m
[37m[INFO] [    28577941] [CPU0/T  3] [Scheduler] CPU 0 next_task called, queue size: 1[0m
[37m[INFO] [    28580815] [CPU1/T  6] [Scheduler] CPU 1 next_task called, queue size: 1[0m
[37m[INFO] [    28583139] [CPU0/T  7] [Scheduler] CPU 0 next_task called, queue size: 1[0m
[37m[INFO] [    28683599] [CPU0/T  3] [Scheduler] CPU 0 next_task called, queue size: 1[0m
[37m[INFO] [    39980253] [CPU1/T  2] [IPI] CPU 1 handling IPI: 0x2[0m
[37m[INFO] [    39982817] [CPU1/T  2] [IPI] CPU 1 handling IPI: 0x2[0m
[37m[INFO] [    39984165] [CPU1/T  2] [IPI] CPU 1 handling IPI: 0x2[0m
[37m[INFO] [    39987316] [CPU1/T  2] [IPI] CPU 1 handling IPI: 0x2[0m
[37m[INFO] [    40175419] [CPU1/T  2] [IPI] CPU 1 handling IPI: 0x2[0m
[37m[INFO] [    40704034] [CPU1/T  2] [IPI] CPU 1 handling IPI: 0x2[0m
[37m[INFO] [    40737717] [CPU1/T  2] [IPI] CPU 1 handling IPI: 0x2[0m
[37m[INFO] [    40739835] [CPU1/T  2] [IPI] CPU 1 handling IPI: 0x2[0m
[37m[INFO] [    40741941] [CPU1/T  2] [IPI] CPU 1 handling IPI: 0x2[0m
[37m[INFO] [    40744174] [CPU1/T  2] [IPI] CPU 1 handling IPI: 0x2[0m
[37m[INFO] [    40771027] [CPU1/T  2] [IPI] CPU 1 handling IPI: 0x2[0m
[37m[INFO] [    40776188] [CPU1/T  2] [IPI] CPU 1 handling IPI: 0x2[0m
[37m[INFO] [    40873218] [CPU1/T  2] [IPI] CPU 1 handlin[eg IPI: 0x2[0m
xecve] Dropping 9616272 byte ELF buffer before switching to user space
[37m[INFO] [    43853082] [CPU0/T  7] [Scheduler] CPU 0 next_task called, queue size: 1[0m
[37m[INFO] [    43859381] [CPU0/T  3] [Scheduler] CPU 0 next_task called, queue size: 1[0m
[37m[INFO] [    43875946] [CPU1/T  2] [IPI] CPU 1 handling IPI: 0x2[0m
[37m[INFO] [    43934605] [CPU0/T  7] [SYSCALL] mount: source='none', target='/proc', type='proc'[0m
[37m[INFO] [    43937558] [CPU0/T  7] [ProcFS] Initializing procfs[0m
[37m[INFO] [    43952414] [CPU0/T  7] [ProcFS] Procfs mounted at /proc[0m
[37m[INFO] [    43954590] [CPU0/T  7] [Scheduler] CPU 0 next_task called, queue size: 1[0m
[37m[INFO] [    44055450] [CPU0/T  3] [Scheduler] CPU 0 next_task called, queue size: 1[0m
[37m[INFO] [    44070658] [CPU0/T  7] [Scheduler] Waking up task 6 on CPU 1[0m
[37m[INFO] [    44073271] [CPU0/T  7] [Scheduler] Sending IPI from CPU 0 to CPU 1 for task 6[0m
[37m[INFO] [    44075935] [CPU0/T  7] [Scheduler] Waking up task 6 on CPU 0[0m
[37m[INFO] [    44075987] [CPU1/T  2] [IPI] CPU 1 handling IPI: 0x1[0m
[37m[INFO] [    44077541] [CPU0/T  7] [Scheduler] CPU 0 next_task called, queue size: 2[0m
[37m[INFO] [    44077960] [CPU1/T  2] [IPI] CPU 1 received Reschedule IPI[0m
[37m[INFO] [    44078961] [CPU0/T  3] [Scheduler] CPU 0 next_task called, queue size: 1[0m
[37m[INFO] [    44079761] [CPU1/T  2] [Scheduler] CPU 1 next_task called, queue size: 1[0m
[37m[INFO] [    4408183[wait4] Remov7] [CPU1/T  6] [Scheduler] CPU 1 next_task called, queue size: 1[0m
ed from parent.children: 0 -> 0


================ KERNEL PANIC ================
Unexpected exception in S-Mode (Kernel)!
----------------------------------------------
  Exception: 2 (Raw scause: 0x2)
  Faulting VA (stval): 0x0
  Faulting PC (sepc):  0xffffffc080231638
  sstatus:             0x8000000200006100
  sscratch:            0xffffffc082f0fce0
==============================================


Panicked at src/arch/riscv/trap/trap_handler.rs:301 Kernel exception in S-Mode
